# Generated automatically during last patch installation via Content Manager.
# Do not edit, unless you have to for some reason.
version: 0.1.79
build: 2144
file: shaders.zip:2947365253:7847399:1741280089
directory: internal
directory: internal\python
file: internal\python\initialize.py:2363479199:1542:1741280089
directory: internal\python\lib
file: internal\python\lib\_ctypes.pyd:4247426370:108032:1741280089
file: internal\python\lib\sim_info.py:4031458620:7025:1741280089
file: internal\python\traceback_helper.py:4157307813:4284:1727530957
directory: internal\lua-apps
directory: internal\lua-apps\CarMirrorsConfigurator
file: internal\lua-apps\CarMirrorsConfigurator\CarMirrorsConfigurator.lua:100427058:3684:1741280089
file: internal\lua-apps\CarMirrorsConfigurator\icon.png:1507001762:2164:1741280089
file: internal\lua-apps\CarMirrorsConfigurator\manifest.ini:3455410459:1042:1741280089
directory: internal\lua-apps\ControllerTweaks
file: internal\lua-apps\ControllerTweaks\ControllerTweaks.lua:434970616:53885:1741280089
file: internal\lua-apps\ControllerTweaks\icon.png:3849602804:2362:1741280089
file: internal\lua-apps\ControllerTweaks\keys.lua:3601112355:1891:1741280089
file: internal\lua-apps\ControllerTweaks\manifest.ini:2336353275:1290:1741280089
directory: internal\lua-apps\SetupExchange
file: internal\lua-apps\SetupExchange\icon.png:3989134162:3002:1741280089
directory: internal\lua-apps\SetupExchange\lib
file: internal\lua-apps\SetupExchange\lib\json.lua:458487485:10026:1741280089
file: internal\lua-apps\SetupExchange\manifest.ini:2516055890:705:1741280089
directory: internal\lua-apps\SetupExchange\res
file: internal\lua-apps\SetupExchange\res\icons.png:1289587429:4063:1741280089
file: internal\lua-apps\SetupExchange\SetupExchange.lua:2933749427:24389:1741280089
directory: internal\lua-module
file: internal\lua-module\module.lua:975714670:3512:1741280089
file: internal\lua-module\python_prepare.lua:341233945:1935:1741280089
directory: internal\lua-module\src
file: internal\lua-module\src\audio_volume_buttons.lua:657422642:1955:1741280089
file: internal\lua-module\src\dualsense_lights.lua:2331250529:5771:1741280089
file: internal\lua-module\src\extra_buttons.lua:1775828643:517:1741280089
file: internal\lua-module\src\ffb_adjustments.lua:3740637149:813:1741280089
file: internal\lua-module\src\hide_standing_spectators.lua:2847406044:314:1741280089
file: internal\lua-module\src\mumble_autoconnect.lua:2347295547:1561:1741280089
file: internal\lua-module\src\onboard_adjustments.lua:2072840611:3597:1741280089
file: internal\lua-module\src\realmirror_adjustments.lua:1284770347:2148:1741280089
file: internal\lua-module\src\tts_service.lua:676442211:422:1741280089
file: internal\lua-module\src\ui_pits_limiter.lua:1518941390:2325:1741280089
file: internal\lua-module\src\vr_mirror_adjustments.lua:2097663222:3616:1741280089
file: internal\lua-module\src\vr_rig.lua:3537554940:11517:1741280089
directory: internal\lua-shared
directory: internal\lua-shared\dualsense
file: internal\lua-shared\dualsense\grab.lua:3405615432:534:1741280089
file: internal\lua-shared\ltn12.lua:1705140227:9163:1727530957
file: internal\lua-shared\mime.lua:1506048781:2355:1727530957
directory: internal\lua-shared\sim
file: internal\lua-shared\sim\cars.lua:4087164983:2112:1741280089
file: internal\lua-shared\socket.lua:2299181387:4597:1727530957
directory: internal\lua-shared\socket
file: internal\lua-shared\socket\ftp.lua:2153247956:10963:1727530957
file: internal\lua-shared\socket\headers.lua:167275929:3808:1727530957
file: internal\lua-shared\socket\http.lua:1884533094:15118:1727530957
file: internal\lua-shared\socket\mbox.lua:940250731:2768:1727530957
file: internal\lua-shared\socket\smtp.lua:264723590:8364:1727530957
file: internal\lua-shared\socket\tp.lua:364021032:3914:1727530957
file: internal\lua-shared\socket\url.lua:1493243392:12007:1727530957
directory: internal\lua-shared\ui
file: internal\lua-shared\ui\virtualizing.lua:3970731460:5945:1741280089
directory: internal\lua-shared\utils
file: internal\lua-shared\utils\tts.lua:2658922251:883:1741280089
directory: internal\lua-shared\vr
file: internal\lua-shared\vr\grab.lua:1357480643:1894:1727530957
directory: internal\lua-sdk
directory: internal\lua-sdk\ac_apps
file: internal\lua-sdk\ac_apps\lib.lua:1714150306:613660:1741280089
file: internal\lua-sdk\ac_apps\README.md:3904696055:415083:1741280089
directory: internal\lua-sdk\ac_car_cphys
file: internal\lua-sdk\ac_car_cphys\lib.lua:174424257:291464:1741280089
file: internal\lua-sdk\ac_car_cphys\README.md:3983966612:188433:1741280089
directory: internal\lua-sdk\ac_car_scriptable_display
file: internal\lua-sdk\ac_car_scriptable_display\lib.lua:1448837768:588370:1741280089
file: internal\lua-sdk\ac_car_scriptable_display\README.md:1594601878:390327:1741280089
directory: internal\lua-sdk\ac_chaser_camera
file: internal\lua-sdk\ac_chaser_camera\lib.lua:2848192242:292099:1741280089
file: internal\lua-sdk\ac_chaser_camera\README.md:4011354349:191236:1741280089
directory: internal\lua-sdk\ac_joypad_assist
file: internal\lua-sdk\ac_joypad_assist\lib.lua:2877879702:287374:1741280089
file: internal\lua-sdk\ac_joypad_assist\README.md:4132178408:185183:1741280089
directory: internal\lua-sdk\ac_new_modes
file: internal\lua-sdk\ac_new_modes\lib.lua:2584834662:587751:1741280089
file: internal\lua-sdk\ac_new_modes\README.md:223523361:387574:1741280089
directory: internal\lua-sdk\ac_online_script
file: internal\lua-sdk\ac_online_script\lib.lua:2966575898:610500:1741280089
file: internal\lua-sdk\ac_online_script\README.md:1292101600:409392:1741280089
directory: internal\lua-sdk\ac_pfx_fireworks
file: internal\lua-sdk\ac_pfx_fireworks\lib.lua:3853262114:319715:1741280089
file: internal\lua-sdk\ac_pfx_fireworks\README.md:1762948336:204203:1741280089
directory: internal\lua-sdk\ac_pp_filters
file: internal\lua-sdk\ac_pp_filters\lib.lua:3494910337:568784:1741280089
file: internal\lua-sdk\ac_pp_filters\README.md:571389940:372765:1741280089
directory: internal\lua-sdk\ac_tools
file: internal\lua-sdk\ac_tools\lib.lua:4002235563:610651:1741280089
file: internal\lua-sdk\ac_tools\README.md:136980012:411933:1741280089
directory: internal\lua-sdk\ac_track_script
file: internal\lua-sdk\ac_track_script\lib.lua:3860156089:592037:1741280089
file: internal\lua-sdk\ac_track_script\README.md:783803655:395020:1741280089
directory: internal\lua-sdk\ac_wfx_controller
file: internal\lua-sdk\ac_wfx_controller\lib.lua:3526919249:287882:1741280089
file: internal\lua-sdk\ac_wfx_controller\README.md:77982686:185822:1741280089
directory: internal\lua-sdk\ac_wfx_impl
file: internal\lua-sdk\ac_wfx_impl\lib.lua:2323541054:630525:1741280089
file: internal\lua-sdk\ac_wfx_impl\README.md:1922214125:426799:1741280089
file: internal\lua-sdk\readme.txt:1313261732:2680:1727530957
file: internal\lua-sdk\rules.json:2757921188:1029:1741280089
file: internal\lua-sdk\vs-code-extension.vsix:759121526:5392:1741280089
directory: internal\shader-tpl
file: internal\shader-tpl\direct.fx:1978742984:1855:1741280089
file: internal\shader-tpl\fullscreen.fx:1156749950:6180:1741280089
file: internal\shader-tpl\project.fx:2631212078:2361:1741280089
file: internal\shader-tpl\quad.fx:2714608601:5439:1741280089
file: internal\shader-tpl\ui.fx:2158185203:1940:1741280089
file: internal\lua.zip:2655044739:597532:1741280089
directory: lua
directory: lua\cars
directory: lua\cars\android_auto
directory: lua\cars\android_auto\apps
directory: lua\cars\android_auto\apps\car_info
file: lua\cars\android_auto\apps\car_info\app.lua:2275825204:843:1741280089
file: lua\cars\android_auto\apps\car_info\icon.png:1203007818:2468:1741280089
file: lua\cars\android_auto\apps\car_info\manifest.ini:3915319072:94:1741280089
file: lua\cars\android_auto\apps\car_info\service.lua:3631703398:1001:1741280089
directory: lua\cars\android_auto\apps\clock
file: lua\cars\android_auto\apps\clock\app.lua:328678696:21560:1727530957
file: lua\cars\android_auto\apps\clock\clock_icons.png:3210325047:5957:1727530957
file: lua\cars\android_auto\apps\clock\icon.lua:1223926328:623:1727530957
file: lua\cars\android_auto\apps\clock\icon.png:565715716:4078:1727530957
file: lua\cars\android_auto\apps\clock\manifest.ini:3008103549:82:1727530957
file: lua\cars\android_auto\apps\clock\service.lua:3611755807:1372:1727530957
file: lua\cars\android_auto\apps\clock\status.lua:17656483:422:1727530957
directory: lua\cars\android_auto\apps\gallery
file: lua\cars\android_auto\apps\gallery\app.lua:3658461158:6460:1727530957
file: lua\cars\android_auto\apps\gallery\icon.png:2399788620:5426:1727530957
file: lua\cars\android_auto\apps\gallery\manifest.ini:3005105647:95:1727530957
directory: lua\cars\android_auto\apps\messenger
file: lua\cars\android_auto\apps\messenger\app.lua:1194706534:8335:1727530957
file: lua\cars\android_auto\apps\messenger\icon.png:3953868332:8250:1727530957
file: lua\cars\android_auto\apps\messenger\manifest.ini:1085158084:103:1727530957
file: lua\cars\android_auto\apps\messenger\service.lua:428493731:4647:1727530957
directory: lua\cars\android_auto\apps\music
file: lua\cars\android_auto\apps\music\app.lua:3028903674:3295:1741280089
file: lua\cars\android_auto\apps\music\icon.png:911507876:2162:1727530957
file: lua\cars\android_auto\apps\music\manifest.ini:2152827039:130:1727530957
file: lua\cars\android_auto\apps\music\service.lua:4271351712:859:1727530957
file: lua\cars\android_auto\apps\music\status.lua:401130978:431:1727530957
directory: lua\cars\android_auto\apps\navigator
file: lua\cars\android_auto\apps\navigator\icon.png:1456824593:2930:1727530957
file: lua\cars\android_auto\apps\navigator\manifest.ini:2597253100:156:1741280089
file: lua\cars\android_auto\apps\navigator\service.lua:1586361010:2347:1741280089
file: lua\cars\android_auto\apps\navigator\status.lua:1783522339:2516:1727530957
directory: lua\cars\android_auto\apps\radio
file: lua\cars\android_auto\apps\radio\app.lua:2225327582:6414:1741280089
file: lua\cars\android_auto\apps\radio\icon.png:1401213482:4568:1727530957
file: lua\cars\android_auto\apps\radio\manifest.ini:2912795836:127:1727530957
file: lua\cars\android_auto\apps\radio\service.lua:2547575361:694:1741280089
file: lua\cars\android_auto\apps\radio\stations.txt:1222171612:852:1741280089
file: lua\cars\android_auto\apps\radio\status.lua:1948796910:539:1741280089
directory: lua\cars\android_auto\apps\rear_camera
file: lua\cars\android_auto\apps\rear_camera\app.lua:1407480735:2369:1727530957
file: lua\cars\android_auto\apps\rear_camera\icon.png:3212025656:3508:1727530957
file: lua\cars\android_auto\apps\rear_camera\manifest.ini:3270565080:147:1741280089
file: lua\cars\android_auto\apps\rear_camera\service.lua:2986139358:726:1727530957
directory: lua\cars\android_auto\apps\wallpapers
file: lua\cars\android_auto\apps\wallpapers\app.lua:1208331106:1826:1741280089
file: lua\cars\android_auto\apps\wallpapers\icon.png:2818923694:12108:1727530957
file: lua\cars\android_auto\apps\wallpapers\manifest.ini:2103659552:99:1727530957
file: lua\cars\android_auto\apps\wallpapers\res.zip:3774309044:487622:1727530957
directory: lua\cars\android_auto\apps\youtube
file: lua\cars\android_auto\apps\youtube\app.lua:1014949110:19549:1727530957
file: lua\cars\android_auto\apps\youtube\icon.png:2844987379:2180:1727530957
file: lua\cars\android_auto\apps\youtube\manifest.ini:2169396290:93:1727530957
file: lua\cars\android_auto\apps\youtube\status.lua:827339267:553:1727530957
file: lua\cars\android_auto\apps\youtube\youtube.lua:2529775463:8355:1741280089
file: lua\cars\android_auto\config.ini:828713038:3227:1741280089
directory: lua\cars\android_auto\libs
file: lua\cars\android_auto\libs\json.lua:454458841:10045:1741280089
file: lua\cars\android_auto\readme.txt:3921442222:2938:1727530958
directory: lua\cars\android_auto\res
file: lua\cars\android_auto\res\background.jpg:949737683:22249:1727530957
file: lua\cars\android_auto\res\toolbar.png:3236747028:1119:1727530957
file: lua\cars\android_auto\script.lua:3841598327:400:1727530957
file: lua\cars\android_auto\system.lua:3236002853:43619:1741280089
file: lua\cars\android_auto\touchscreen.lua:2717803477:25415:1741280089
directory: lua\chaser-camera
directory: lua\chaser-camera\arcade-mode-2
file: lua\chaser-camera\arcade-mode-2\camera.lua:3211853201:5326:1741280089
file: lua\chaser-camera\arcade-mode-2\manifest.ini:2940937392:58:1727530957
directory: lua\chaser-camera\arcade-mode
file: lua\chaser-camera\arcade-mode\camera.lua:2682834278:3659:1741280089
file: lua\chaser-camera\arcade-mode\manifest.ini:1436709601:56:1727530957
directory: lua\chaser-camera\base
file: lua\chaser-camera\base\camera.lua:3087111630:3590:1741280089
file: lua\chaser-camera\base\manifest.ini:3731581438:128:1741280089
directory: lua\chaser-camera\drone
file: lua\chaser-camera\drone\camera.lua:1516953100:5336:1741280089
file: lua\chaser-camera\drone\manifest.ini:3657814649:57:1727530957
directory: lua\fireworks
directory: lua\fireworks\holidays
file: lua\fireworks\holidays\fireworks_audio.lua:1622096232:3611:1741280089
file: lua\fireworks\holidays\fireworks_base.lua:3456234655:8688:1741280089
file: lua\fireworks\holidays\fireworks_colors.lua:3722884404:2683:1741280089
file: lua\fireworks\holidays\fireworks_pyro.lua:1527827290:1796:1741280089
file: lua\fireworks\holidays\fireworks_schemes.lua:1639501181:969:1727530957
file: lua\fireworks\holidays\fireworks_spawn.lua:4017884152:900:1727530957
file: lua\fireworks\holidays\fireworks_types.lua:4232694973:14408:1727530957
file: lua\fireworks\holidays\fireworks.lua:2209614969:956:1741280089
file: lua\fireworks\holidays\manifest.ini:809814464:99:1727530957
directory: lua\fireworks\holidays\schemes
file: lua\fireworks\holidays\schemes\canada_day.lua:2397212465:3687:1727530957
file: lua\fireworks\holidays\schemes\christmas.lua:4090933874:6210:1727530957
file: lua\fireworks\holidays\schemes\debug.lua:1770652151:140:1727530957
file: lua\fireworks\holidays\schemes\default.lua:1885946501:5430:1727530957
file: lua\fireworks\holidays\schemes\independence_day.lua:884349780:3747:1727530957
file: lua\fireworks\holidays\schemes\victory_day.lua:2403463809:3983:1727530957
file: lua\fireworks\holidays\utils.lua:4020089370:588:1727530957
directory: lua\new-modes
directory: lua\new-modes\driver-interview
file: lua\new-modes\driver-interview\manifest.ini:2216523237:196:1741280089
file: lua\new-modes\driver-interview\mode.lua:1711481653:14799:1741280089
file: lua\new-modes\driver-interview\stopwatch.png:2956141517:21535:1727530957
file: lua\new-modes\driver-interview\tasks.png:3578911665:83578:1727530957
directory: lua\new-modes\economy-run
file: lua\new-modes\economy-run\manifest.ini:3769764040:111:1741280089
file: lua\new-modes\economy-run\mode.lua:251494242:2925:1741280089
directory: lua\new-modes\overtake
file: lua\new-modes\overtake\manifest.ini:2515023414:135:1741280089
file: lua\new-modes\overtake\mode.lua:1481006477:9029:1741280089
directory: lua\joypad-assist
directory: lua\joypad-assist\dualsense
file: lua\joypad-assist\dualsense\assist.lua:2478837990:3444:1741280089
file: lua\joypad-assist\dualsense\manifest.ini:1316062557:172:1741280089
directory: lua\joypad-assist\gamepad_force
file: lua\joypad-assist\gamepad_force\assist.lua:2592261846:1134:1741280089
file: lua\joypad-assist\gamepad_force\manifest.ini:3187693081:260:1741280089
directory: lua\joypad-assist\gamepad_force\modes
file: lua\joypad-assist\gamepad_force\modes\drift.lua:3478657291:4802:1727530957
file: lua\joypad-assist\gamepad_force\modes\race.lua:1723367816:4273:1727530957
directory: lua\pp-filters
directory: lua\pp-filters\cartoon
file: lua\pp-filters\cartoon\filter.fx:3259052228:2030:1727530957
file: lua\pp-filters\cartoon\filter.lua:2065158855:426:1727530957
file: lua\pp-filters\cartoon\manifest.ini:4275643786:153:1727530957
directory: lua\pp-filters\planetarium
file: lua\pp-filters\planetarium\filter.lua:3725028820:4692:1727530957
file: lua\pp-filters\planetarium\manifest.ini:1327256617:175:1727530957
directory: lua\pp-filters\tunnel
file: lua\pp-filters\tunnel\filter.lua:3885138060:2113:1727530957
file: lua\pp-filters\tunnel\manifest.ini:2716200262:144:1727530957
directory: lua\pp-filters\vhs
file: lua\pp-filters\vhs\filter.lua:849084622:4343:1727530957
file: lua\pp-filters\vhs\manifest.ini:1126093462:85:1727530957
file: lua\pp-filters\vhs\settings.ini:1112919061:498:1727530957
file: lua\pp-filters\vhs\vcr_osd_mono.ttf:1370850926:75864:1727530957
directory: lua\pp-filters\vintage
file: lua\pp-filters\vintage\filter.fx:2645448672:5085:1727530957
file: lua\pp-filters\vintage\filter.lua:3328642934:2595:1727530957
file: lua\pp-filters\vintage\manifest.ini:2584878543:112:1727530957
directory: lua\tools
directory: lua\tools\csp-railworks-tool
file: lua\tools\csp-railworks-tool\manifest.ini:2782510332:160:1727530957
directory: lua\tools\csp-railworks-tool\res
directory: lua\tools\csp-railworks-tool\res\unpacked-traincar_01.kn5
file: lua\tools\csp-railworks-tool\res\unpacked-traincar_01.kn5\loco_01_lodA.FBX.ini:2880618322:4378:1727530957
file: lua\tools\csp-railworks-tool\res\unpacked-traincar_01.kn5\loco_01.FBX.ini:1759639841:1149:1727530957
file: lua\tools\csp-railworks-tool\res\unpacked-traincar_01.kn5\traincar_01_lodA.FBX.ini:4258596167:5555:1727530957
file: lua\tools\csp-railworks-tool\res\unpacked-traincar_01.kn5\traincar_01.FBX.ini:2450510075:3362:1727530957
directory: lua\tools\csp-railworks-tool\src
file: lua\tools\csp-railworks-tool\src\LineResampler.lua:2625891026:2962:1727530957
file: lua\tools\csp-railworks-tool\src\Railroad.lua:2091410843:13797:1727530957
file: lua\tools\csp-railworks-tool\src\RailroadEditor.lua:3263036978:33319:1727530957
file: lua\tools\csp-railworks-tool\src\RailroadGate.lua:920500885:5612:1727530957
file: lua\tools\csp-railworks-tool\src\RailroadSchedule.lua:1936706278:17603:1727530957
file: lua\tools\csp-railworks-tool\src\RailroadSurroundLight.lua:2732601548:3548:1727530957
file: lua\tools\csp-railworks-tool\src\RailroadTrain.lua:2742963364:4059:1727530957
file: lua\tools\csp-railworks-tool\src\RailroadTrainFactory.lua:2788806203:820:1727530957
file: lua\tools\csp-railworks-tool\src\RailroadTrainObject.lua:1138172343:14036:1727530957
file: lua\tools\csp-railworks-tool\src\RailroadUtils.lua:1746808563:1836:1727530957
file: lua\tools\csp-railworks-tool\tool.lua:3152353384:1074:1727530957
directory: lua\tools\csp-traffic-tool
directory: lua\tools\csp-traffic-tool\lib
file: lua\tools\csp-traffic-tool\lib\json.lua:454458841:10045:1727530957
directory: lua\tools\csp-traffic-tool\lib\luagraphs
directory: lua\tools\csp-traffic-tool\lib\luagraphs\connectivity
file: lua\tools\csp-traffic-tool\lib\luagraphs\connectivity\ConnectedComponents.lua:2811108602:1292:1727530957
file: lua\tools\csp-traffic-tool\lib\luagraphs\connectivity\StronglyConnectedComponents.lua:2786048263:1517:1727530957
directory: lua\tools\csp-traffic-tool\lib\luagraphs\data
file: lua\tools\csp-traffic-tool\lib\luagraphs\data\graph.lua:154459745:4127:1727530957
file: lua\tools\csp-traffic-tool\lib\luagraphs\data\IndexedMinPQ.lua:2328476217:2649:1727530957
file: lua\tools\csp-traffic-tool\lib\luagraphs\data\list.lua:3407430226:2956:1727530957
file: lua\tools\csp-traffic-tool\lib\luagraphs\data\MinPQ.lua:1180794999:1730:1727530957
file: lua\tools\csp-traffic-tool\lib\luagraphs\data\network.lua:413763312:2530:1727530957
file: lua\tools\csp-traffic-tool\lib\luagraphs\data\queue.lua:3909417959:1252:1727530957
file: lua\tools\csp-traffic-tool\lib\luagraphs\data\stack.lua:733515159:1264:1727530957
file: lua\tools\csp-traffic-tool\lib\luagraphs\data\UnionFind.lua:3042828669:1438:1727530957
directory: lua\tools\csp-traffic-tool\lib\luagraphs\flow
file: lua\tools\csp-traffic-tool\lib\luagraphs\flow\FordFulkerson.lua:4241121981:2578:1727530957
directory: lua\tools\csp-traffic-tool\lib\luagraphs\mst
file: lua\tools\csp-traffic-tool\lib\luagraphs\mst\EagerPrimMST.lua:940054627:1408:1727530957
file: lua\tools\csp-traffic-tool\lib\luagraphs\mst\KruskalMST.lua:979534209:1272:1727530957
file: lua\tools\csp-traffic-tool\lib\luagraphs\mst\PrimMST.lua:3265598280:1807:1727530957
directory: lua\tools\csp-traffic-tool\lib\luagraphs\search
file: lua\tools\csp-traffic-tool\lib\luagraphs\search\BreadthFirstSearch.lua:2254453039:1473:1727530957
file: lua\tools\csp-traffic-tool\lib\luagraphs\search\DepthFirstSearch.lua:2731896787:1304:1727530957
directory: lua\tools\csp-traffic-tool\lib\luagraphs\shortest_paths
file: lua\tools\csp-traffic-tool\lib\luagraphs\shortest_paths\BellmanFord.lua:3645259638:2145:1727530957
file: lua\tools\csp-traffic-tool\lib\luagraphs\shortest_paths\Dijkstra.lua:1374169815:1975:1727530957
file: lua\tools\csp-traffic-tool\lib\luagraphs\shortest_paths\TopoSortShortestPath.lua:987996631:1834:1727530957
directory: lua\tools\csp-traffic-tool\lib\luagraphs\sort
file: lua\tools\csp-traffic-tool\lib\luagraphs\sort\TopologicalSort.lua:1673263511:1190:1727530957
file: lua\tools\csp-traffic-tool\manifest.ini:913368814:2294:1727530957
directory: lua\tools\csp-traffic-tool\src
directory: lua\tools\csp-traffic-tool\src\common
file: lua\tools\csp-traffic-tool\src\common\AABB.lua:607927861:1817:1727530957
file: lua\tools\csp-traffic-tool\src\common\Array.lua:179625481:23114:1727530957
file: lua\tools\csp-traffic-tool\src\common\BezierCurve.lua:556418988:2075:1727530957
file: lua\tools\csp-traffic-tool\src\common\BezierCurveNormalized.lua:2215773356:3755:1741280089
file: lua\tools\csp-traffic-tool\src\common\CacheTable.lua:3710706411:546:1727530957
file: lua\tools\csp-traffic-tool\src\common\CubicInterpolatingLane.lua:251654319:5188:1727530957
file: lua\tools\csp-traffic-tool\src\common\Event.lua:24162033:1047:1727530957
file: lua\tools\csp-traffic-tool\src\common\FlatPolyShape.lua:2753025179:4684:1741280089
file: lua\tools\csp-traffic-tool\src\common\MathUtils.lua:735305192:2226:1727530957
file: lua\tools\csp-traffic-tool\src\common\PackedArgs.lua:4288925536:488:1727530957
file: lua\tools\csp-traffic-tool\src\common\SerializedTypes.lua:411244625:2775:1727530957
file: lua\tools\csp-traffic-tool\src\common\Triangle.lua:1780990436:672:1727530957
file: lua\tools\csp-traffic-tool\src\common\TurnTrajectory.lua:561324510:3314:1727530957
directory: lua\tools\csp-traffic-tool\src\editor
file: lua\tools\csp-traffic-tool\src\editor\EditorArea.lua:1577543718:2864:1727530957
file: lua\tools\csp-traffic-tool\src\editor\EditorColors.lua:477720298:275:1727530957
file: lua\tools\csp-traffic-tool\src\editor\EditorEditConnections.lua:3997376119:20060:1727530957
file: lua\tools\csp-traffic-tool\src\editor\EditorIntersection.lua:2257483260:7002:1727530957
file: lua\tools\csp-traffic-tool\src\editor\EditorLane.lua:830447044:4716:1741280089
file: lua\tools\csp-traffic-tool\src\editor\EditorMain.lua:3012735016:17470:1741280089
file: lua\tools\csp-traffic-tool\src\editor\EditorTabAreas.lua:3636999395:5844:1727530957
file: lua\tools\csp-traffic-tool\src\editor\EditorTabIntersections.lua:1418941380:3387:1727530957
file: lua\tools\csp-traffic-tool\src\editor\EditorTabLanes.lua:2688073928:5934:1741280089
file: lua\tools\csp-traffic-tool\src\editor\EditorTabRules.lua:2859886394:1190:1727530957
file: lua\tools\csp-traffic-tool\src\editor\EditorTrafficLightPrograms.lua:359775717:789:1727530957
file: lua\tools\csp-traffic-tool\src\editor\EditorUI.lua:1333164182:7637:1727530957
file: lua\tools\csp-traffic-tool\src\generic_utils.lua:3107788059:1497:1727530957
file: lua\tools\csp-traffic-tool\src\grid_generator.lua:3776472616:1233:1727530957
directory: lua\tools\csp-traffic-tool\src\simulation
file: lua\tools\csp-traffic-tool\src\simulation\CachingCurve.lua:4055871630:3417:1727530957
file: lua\tools\csp-traffic-tool\src\simulation\CarBase.lua:3893315115:5100:1727530957
file: lua\tools\csp-traffic-tool\src\simulation\CarsList.lua:891393938:3266:1741280089
file: lua\tools\csp-traffic-tool\src\simulation\DistanceTags.lua:590366100:1155:1727530957
file: lua\tools\csp-traffic-tool\src\simulation\InertialValue.lua:4169600391:1126:1727530957
file: lua\tools\csp-traffic-tool\src\simulation\IntersectionLink.lua:1984014032:3376:1741280089
file: lua\tools\csp-traffic-tool\src\simulation\IntersectionManeuver.lua:4036076612:19594:1741280089
file: lua\tools\csp-traffic-tool\src\simulation\IntersectionSide.lua:767373859:1764:1727530957
file: lua\tools\csp-traffic-tool\src\simulation\LaneChangeManeuver.lua:3560772296:11444:1727530957
file: lua\tools\csp-traffic-tool\src\simulation\LaneCursor.lua:3143870537:3352:1741280089
file: lua\tools\csp-traffic-tool\src\simulation\LicensePlateGenerator.lua:2594547429:2728:1741280089
file: lua\tools\csp-traffic-tool\src\simulation\ManeuverBase.lua:1450903751:1167:1727530957
file: lua\tools\csp-traffic-tool\src\simulation\MovingTracker.lua:2232331547:2256:1727530957
file: lua\tools\csp-traffic-tool\src\simulation\Pool.lua:748826859:1369:1727530957
file: lua\tools\csp-traffic-tool\src\simulation\RaceCarTracker.lua:3690063768:1349:1727530957
file: lua\tools\csp-traffic-tool\src\simulation\SmoothEmissive.lua:610642308:840:1727530957
file: lua\tools\csp-traffic-tool\src\simulation\TrafficArea.lua:565402945:1653:1727530957
file: lua\tools\csp-traffic-tool\src\simulation\TrafficCar.lua:635455378:16259:1741280089
file: lua\tools\csp-traffic-tool\src\simulation\TrafficCarFactory.lua:3626167380:3201:1741280089
file: lua\tools\csp-traffic-tool\src\simulation\TrafficCarFakeShadow.lua:3019165819:2100:1727530957
file: lua\tools\csp-traffic-tool\src\simulation\TrafficCarFullLOD.lua:606016196:7295:1741280089
file: lua\tools\csp-traffic-tool\src\simulation\TrafficCarPhysics.lua:599815585:11950:1727530957
file: lua\tools\csp-traffic-tool\src\simulation\TrafficConfig.lua:294743995:671:1741280089
file: lua\tools\csp-traffic-tool\src\simulation\TrafficContext.lua:1339868183:384:1727530957
file: lua\tools\csp-traffic-tool\src\simulation\TrafficDebugLayers.lua:3777325376:2588:1727530957
file: lua\tools\csp-traffic-tool\src\simulation\TrafficDriver.lua:486983610:11733:1741280089
file: lua\tools\csp-traffic-tool\src\simulation\TrafficGraph.lua:1617352783:9016:1741280089
file: lua\tools\csp-traffic-tool\src\simulation\TrafficGrid.lua:2783992868:2924:1727530957
file: lua\tools\csp-traffic-tool\src\simulation\TrafficGuide.lua:1468817682:8643:1741280089
file: lua\tools\csp-traffic-tool\src\simulation\TrafficIntersection.lua:3001594198:18813:1727530957
file: lua\tools\csp-traffic-tool\src\simulation\TrafficLane.lua:2311221862:23450:1741280089
file: lua\tools\csp-traffic-tool\src\simulation\TrafficLight.lua:199865291:3621:1727530957
file: lua\tools\csp-traffic-tool\src\simulation\TrafficLightEmissive.lua:4005894597:3903:1727530957
file: lua\tools\csp-traffic-tool\src\simulation\TrafficPath.lua:145825621:3703:1727530957
file: lua\tools\csp-traffic-tool\src\simulation\TrafficSimulation.lua:2499041990:5179:1727530957
directory: lua\tools\csp-traffic-tool\src\test
file: lua\tools\csp-traffic-tool\src\test\distance_between_cars.lua:2611147342:2530:1727530957
file: lua\tools\csp-traffic-tool\src\test\middleclass.lua:1633118195:6124:1727530957
file: lua\tools\csp-traffic-tool\src\test\perf_array.lua:200540449:1057:1727530957
file: lua\tools\csp-traffic-tool\src\test\perf_enum.lua:1703540226:617:1727530957
file: lua\tools\csp-traffic-tool\src\test\test_array.lua:2383804314:3838:1727530957
file: lua\tools\csp-traffic-tool\src\test\test_class.lua:3822643802:9244:1727530957
file: lua\tools\csp-traffic-tool\src\test\test_dynamic_texture.lua:4064200351:436:1727530957
file: lua\tools\csp-traffic-tool\tool.lua:340505406:10107:1741280089
directory: config
file: config\brakedisc_fx.ini:555197400:519:1727530957
file: config\car_instruments.ini:2714496830:3678:1741280089
file: config\chaser_camera.ini:2437474371:1101:1741280089
file: config\chat_shortcuts.ini:936045168:1328:1727530957
file: config\colorful_shadowing.ini:1133006562:666:1741280089
file: config\custom_rendering_modes.ini:788910306:2551:1741280089
file: config\data_alt_mapping.ini:927481346:4683:1741280089
file: config\data_apps_allowed_to_pause.txt:734961270:1355:1727530957
file: config\data_apps_virtual_tyres_fix.txt:1476475069:410:1727530957
file: config\data_car_classes.ini:173055745:1018:1727530957
file: config\data_car_years.ini:1786110573:38924:1727530957
file: config\data_countries.ini:2136899689:2820:1727530957
file: config\data_credits.txt:1777700453:4222:1741280089
file: config\data_gbuffer.ini:1397975256:2064:1727530957
file: config\data_human_materials.ini:2313444157:4912:1741280089
file: config\data_manifest.ini:1688189177:7615:1741280089
file: config\data_oem_colors_modern.txt:3222916860:8145:1727530957
file: config\data_oem_colors_vintage.txt:656552760:2826:1727530957
file: config\data_spectator_brightness_fix.ini:2726105504:589:1727530957
file: config\data_standard_content.ini:1201098577:6152:1727530957
file: config\data_track_params.ini:1636668146:41010:1741280089
file: config\dxgi_tweaks.ini:3379223742:3535:1741280089
file: config\extra_fx.ini:1821364914:5870:1741280089
file: config\fake_shadows_fx.ini:471346469:2835:1741280089
file: config\ffb_tweaks.ini:4073531276:2668:1741280089
file: config\freer_camera.ini:2393536067:3052:1741280089
file: config\g27_lights.ini:3475316819:930:1741280089
file: config\general.ini:3241800716:12175:1741280089
file: config\graphics_adjustments.ini:2217686297:9190:1741280089
file: config\grass_fx.ini:1998924193:1575:1741280089
file: config\gui.ini:3124522246:5678:1741280089
file: config\joypad_assist.ini:3224031126:863:1741280089
file: config\lighting_fx.ini:586623018:5925:1741280089
file: config\lua_tools.ini:1717226830:69:1727530957
file: config\module_lw.ini:2077352372:753:1741280089
file: config\mumble_plugin.ini:2863496958:120:1727530957
file: config\music.ini:2133527617:1657:1741280089
file: config\neck.ini:1764306147:7474:1741280089
file: config\new_behaviour.ini:402577787:4040:1741280089
file: config\new_modes.ini:698615360:344:1741280089
file: config\nice_screenshots.ini:2064771829:6117:1741280089
file: config\particles_fx.ini:2849255386:7693:1741280089
file: config\reflections_fx.ini:62664519:2044:1741280089
file: config\shadowed_wheels.ini:1447905850:471:1727530957
file: config\skidmarks_fx.ini:1786965803:2118:1741280089
file: config\small_tweaks.ini:3039436296:4254:1741280089
file: config\smart_mirror.ini:2101845771:4779:1741280089
file: config\smart_shadows.ini:78273562:3451:1741280089
file: config\splashscreen.ini:1916807135:3956:1741280089
file: config\taskbar.ini:1032948155:3906:1741280089
file: config\track_adjustments.ini:1961631089:2570:1741280089
file: config\triple_custom.ini:734046741:1975:1741280089
file: config\tyres_fx.ini:4040826608:314:1741280089
file: config\vr_tweaks.ini:2254332469:7588:1741280089
file: config\walking_out.ini:2960577808:825:1741280089
file: config\weather_fx.ini:2433181530:2238:1741280089
file: config\windscreen_fx.ini:2621645170:1092:1741280089
file: config\yebisest.ini:1381162291:732:1741280089
directory: config\cars
directory: config\cars\common
file: config\cars\common\custom_emissive.ini:2457615399:34588:1741280089
file: config\cars\common\custom_rims.ini:2308812405:2400:1727530957
file: config\cars\common\dev_material_carpaint.ini:3914318010:820:1727530957
file: config\cars\common\dev_material_interior.ini:2391644076:5363:1727530957
file: config\cars\common\displays.ini:3002007624:759:1727530957
file: config\cars\common\f1_generic.ini:2722445240:1122:1727530957
file: config\cars\common\f1_lights.ini:3562726789:301:1741280089
file: config\cars\common\f1_tyre_damage.ini:1525303758:841:1727530957
file: config\cars\common\functions_base.lua:580633636:219:1727530957
file: config\cars\common\gt3_exhaust_glow.ini:1515898997:4241:1741280089
file: config\cars\common\gt3_lights.ini:3242112410:745:1741280089
file: config\cars\common\gt3_tyres_kunos.ini:3603447781:376:1727530957
file: config\cars\common\human_surface_template.ini:2927972572:2076:1741280089
file: config\cars\common\materials_base.ini:1783828106:496:1741280089
file: config\cars\common\materials_carpaint.ini:2128099164:18389:1741280089
file: config\cars\common\materials_glass.ini:2064651871:6058:1741280089
file: config\cars\common\materials_interior.ini:2916514693:21966:1741280089
file: config\cars\common\materials_license_plate.ini:2400864846:6811:1727530957
file: config\cars\common\materials_pbr.ini:1805229416:10587:1741280089
file: config\cars\common\navigators_layouts.ini:2771630036:30439:1741280089
file: config\cars\common\navigators_maps.ini:1835532320:6332:1741280089
file: config\cars\common\navigators_mixins.ini:3017791779:7370:1741280089
file: config\cars\common\navigators_themes.ini:1706751608:6920:1727530957
file: config\cars\common\navigators.ini:1575910040:7435:1741280089
file: config\cars\common\no_popup_lights.ini:4094041171:34:1727530957
file: config\cars\common\oldschool_lights_reflections.ini:966996598:3037:1727530957
file: config\cars\common\selflighting.ini:3535919715:761:1727530957
file: config\cars\common\tyre_patterns.ini:1653028352:20444:1727530957
directory: config\tracks
directory: config\tracks\common
file: config\tracks\common\all_conditions.ini:595485509:139:1727530957
file: config\tracks\common\Benner900conditions.ini:2551509797:1741:1727530957
file: config\tracks\common\colorfulness.lut:1517240980:169:1727530957
file: config\tracks\common\colorfulnesspotrero.lut:1435883162:168:1727530957
file: config\tracks\common\conditions_blm.ini:1308747151:1722:1727530957
file: config\tracks\common\conditions.ini:3750552689:3705:1741280089
file: config\tracks\common\custom_emissive.ini:113190130:12887:1741280089
file: config\tracks\common\digiclock47_conditions.ini:1562265763:80212:1727530957
file: config\tracks\common\flag_colors.lut:1040452797:1085:1727530957
file: config\tracks\common\functions_base.lua:3685399576:789:1727530957
file: config\tracks\common\grass_fx.ini:298587475:368:1727530957
file: config\tracks\common\materials_base.ini:1291229862:536:1741280089
file: config\tracks\common\materials_glass.ini:4289299828:4427:1741280089
file: config\tracks\common\materials_pbr.ini:1805229416:10587:1741280089
file: config\tracks\common\materials_track.ini:1289695061:30831:1741280089
file: config\tracks\common\particles_track.ini:1995080207:4123:1727530957
directory: config\cars\generic
file: config\cars\generic\generic_fixes.ini:809454109:1085:1741280089
file: config\cars\generic\generic_rain_tyres.ini:1992820181:1480:1727530957
file: config\cars\generic\generic.ini:2889658679:2186:1741280089
directory: config\tracks\generic
file: config\tracks\generic\generic.ini:346597908:1026:1741280089
chunk: 233
directory: internal
directory: internal\tzdata
file: internal\tzdata\africa:4021123857:11410:1741280089
file: internal\tzdata\antarctica:973033822:1097:1741280089
file: internal\tzdata\asia:2310428798:28650:1741280089
file: internal\tzdata\australasia:3685881392:12185:1741280089
file: internal\tzdata\backward:1329671647:4269:1741280089
file: internal\tzdata\etcetera:2848977028:910:1741280089
file: internal\tzdata\europe:2852442571:48845:1741280089
file: internal\tzdata\leapseconds:842984528:837:1741280089
file: internal\tzdata\northamerica:3399792397:34312:1741280089
file: internal\tzdata\pacificnew:894992989:44:1741280089
file: internal\tzdata\southamerica:732372853:21378:1741280089
file: internal\tzdata\systemv:1149456709:373:1741280089
file: internal\tzdata\version:812877080:7:1741280089
file: internal\tzdata\windowszones.xml:554513570:44243:1741280089
directory: internal\plugins
file: internal\plugins\AcTools.CurrentlyPlaying.exe:1342835893:18432:1741280089
file: internal\plugins\AcTools.ErrorReporter.exe:878781199:134144:1741280089
file: internal\plugins\AcTools.TextToSpeechService.exe:2173850085:7168:1741280089
directory: sfx
file: sfx\extension_common.bank:3068920821:14547232:1741280090
file: sfx\GUIDs.txt:4266559839:3060:1741280090
directory: fonts
file: fonts\notosans_cjk.zip:3031602528:11331348:1741280090
directory: textures
file: textures\ac.ico:3310534451:61523:1741280090
directory: textures\common
file: textures\common\carbon_nm.png:2590239391:2598:1741280090
file: textures\common\carbon.png:2403005355:4230:1741280090
file: textures\common\dashboard.dds:4271727224:349654:1741280090
file: textures\common\dfg.dds:3306804814:131220:1741280090
file: textures\common\pbr_carpet.dds:455252770:1399253:1741280090
file: textures\common\pbr_fabric.dds:3951856820:1399253:1741280090
file: textures\common\pbr_leather_bumpy.dds:650632564:1399253:1741280090
file: textures\common\pbr_leather_pattern.dds:174101516:1399253:1741280090
file: textures\common\pbr_leather_spotty.dds:3066170862:1399253:1741280090
file: textures\common\pbr_metal.dds:2236694248:1399253:1741280090
file: textures\common\pbr_plastic.dds:447159625:1399253:1741280090
file: textures\common\water_normal.dds:2273051926:5592532:1741280090
directory: textures\flags
file: textures\flags\ambulance.png:1831379857:6908:1741280090
file: textures\flags\code60.png:3237478152:7016:1741280090
file: textures\flags\mechanical_failure.png:2393942219:5902:1741280090
file: textures\flags\slippery.png:559667645:7020:1741280090
file: textures\flags\unsportsmanlike.png:2247789508:6587:1741280090
directory: textures\fonts
file: textures\fonts\odometer_font.png:610071402:17919:1741280090
file: textures\fonts\odometer_font.txt:307106428:1469:1741280090
directory: textures\oculus
file: textures\oculus\cover_landscape_image_large.png:3669829107:143200:1741280090
file: textures\oculus\cover_landscape_image.jpg:1970379100:51652:1741280090
file: textures\oculus\cover_square_image.jpg:2015248862:12692:1741280090
file: textures\oculus\icon_image.jpg:1813712808:1544:1741280090
file: textures\oculus\logo_transparent_image.png:2953684225:3523:1741280090
file: textures\oculus\original.jpg:522120572:2270:1741280090
file: textures\oculus\small_landscape_image.jpg:53783677:13919:1741280090
directory: textures\smaa
file: textures\smaa\AreaTexDX10.dds:1942727725:268928:1741280090
file: textures\smaa\SearchTex.dds:364775296:1152:1741280090
directory: textures\people
file: textures\people\allowed.ini:1409236809:259:1741280090
file: textures\people\people_sit_nm.dds:1998905917:262340:1741280090
file: textures\people\people_stand_nm.dds:771780287:174948:1741280090
directory: textures\color_grading
file: textures\color_grading\3-strip Alt.png:1178054820:29819:1727530958
file: textures\color_grading\3-strip.png:4240887446:35984:1727530958
file: textures\color_grading\Autumn.png:453469776:26238:1727530958
file: textures\color_grading\Ava.png:2178981280:20702:1727530958
file: textures\color_grading\Bright.png:3228747726:2294:1727530958
file: textures\color_grading\Cine Bright.png:1973174183:41471:1727530958
file: textures\color_grading\Cine Cold.png:765662049:36629:1727530958
file: textures\color_grading\Cine Drama.png:4289470074:44338:1727530958
file: textures\color_grading\Cine Teal Orange 1.png:3145268708:40572:1727530958
file: textures\color_grading\Cine Teal Orange 2.png:1211017340:40747:1727530958
file: textures\color_grading\Cine Vibrant.png:2489660672:41274:1727530958
file: textures\color_grading\Cine Warm.png:4208358717:42289:1727530958
file: textures\color_grading\Coffee.png:2968645980:21902:1727530958
file: textures\color_grading\Crisp Winter.png:3601021181:20605:1727530958
file: textures\color_grading\Dark Blue.png:811159171:33428:1727530958
file: textures\color_grading\Deep.png:769112880:25895:1727530958
file: textures\color_grading\Dithered.png:869248599:19061:1727530958
file: textures\color_grading\Faded.png:3417054094:26076:1727530958
file: textures\color_grading\Four.png:3772424186:353:1727530958
file: textures\color_grading\Fuji 2393.png:1639809992:32788:1727530958
file: textures\color_grading\Fuji 3510.png:4212950315:32813:1727530958
file: textures\color_grading\Kodak.png:3186910600:34463:1727530958
file: textures\color_grading\Moody.png:204491116:23909:1727530958
file: textures\color_grading\Natural Pop.png:4131542706:27631:1727530958
file: textures\color_grading\Neutral.png:3637648657:1644:1727530958
file: textures\color_grading\Oldschool.png:1055953370:5501:1727530958
file: textures\color_grading\Rottenish.png:1291396062:25960:1727530958
file: textures\color_grading\Saturated.png:3563429696:37161:1727530958
file: textures\color_grading\Teigen.png:4069432409:27400:1727530958
file: textures\color_grading\The Matrix.png:1412972621:35368:1727530958
file: textures\color_grading\Threshold.png:237190459:625:1727530958
file: textures\color_grading\Tweed.png:265050492:23444:1727530958
file: textures\color_grading\Underpass.png:982315436:27010:1727530958
directory: textures\app_icons
file: textures\app_icons\ac_essentials.png:3427888578:1493:1741280090
file: textures\app_icons\acsuspension.png:232544795:2553:1741280090
file: textures\app_icons\camera_picture_mode.png:4114152966:1165:1741280090
file: textures\app_icons\chat.png:3564309266:1626:1741280090
file: textures\app_icons\driver_eyes_positioner.png:4218616634:1178:1741280090
file: textures\app_icons\electronics.png:4170248754:707:1741280090
file: textures\app_icons\form_camera.png:3371322539:1335:1741280090
file: textures\app_icons\form_gear.png:688062893:1530:1741280090
file: textures\app_icons\help.png:2323598495:997:1741280090
file: textures\app_icons\imgui_csp_brake_temps.png:2410587054:2029:1741280090
file: textures\app_icons\imgui_csp_extrafx_debug.png:2100226075:1167:1741280090
file: textures\app_icons\imgui_csp_grassfx_debug.png:3113107781:1702:1741280090
file: textures\app_icons\imgui_csp_light_maker_impl.png:1447768083:1424:1741280090
file: textures\app_icons\imgui_csp_light_maker.png:2782361645:641:1741280090
file: textures\app_icons\imgui_csp_lua_debug.png:1235489946:1299:1741280090
file: textures\app_icons\imgui_csp_objects_inspector.png:2197634206:904:1741280090
file: textures\app_icons\imgui_csp_particlesfx_pieces_debug.png:3790771212:1504:1741280090
file: textures\app_icons\imgui_csp_python_profiler.png:3996910193:1052:1741280090
file: textures\app_icons\imgui_csp_radar.png:276731811:2590:1741280090
file: textures\app_icons\imgui_csp_reflectionsfx_debug.png:2942856355:1958:1741280090
file: textures\app_icons\imgui_csp_weatherfx_debug.png:1397338268:1377:1741280090
file: textures\app_icons\lap_time.png:2115742364:1628:1741280090
file: textures\app_icons\leaderboard_app.png:3794349748:860:1741280090
file: textures\app_icons\pedals.png:3099283558:1186:1741280090
file: textures\app_icons\post_process_filter_selector.png:1414610039:919:1741280090
file: textures\app_icons\tyres_app.png:316065314:1783:1741280090
directory: textures\gui
file: textures\gui\ac_logo_0.png:1725294741:1728:1741280090
file: textures\gui\ac_logo_1.png:3974768145:2059:1741280090
file: textures\gui\car_indicator_bg.png:1916649864:820:1741280090
file: textures\gui\emoticons_36_0.png:1910147477:92957:1741280090
file: textures\gui\endpoints.png:2105027524:64548:1741280090
file: textures\gui\flags_32_0.png:3020645058:230246:1741280090
file: textures\gui\flags_64_0.png:651001330:932123:1741280090
file: textures\gui\icons_24_0.png:1187968889:31974:1741280090
file: textures\gui\icons_256_0.png:259437707:38772:1741280090
file: textures\gui\icons_32_0.png:4095340165:3697:1741280090
file: textures\gui\icons_64_0.png:1096313066:10713:1741280090
file: textures\gui\music_thumbnail_missing.png:2413050142:1130:1741280090
file: textures\gui\old_style_off.png:350910594:2028:1741280090
file: textures\gui\old_style_on.png:392297306:2187:1741280090
directory: textures\grass_fx
file: textures\grass_fx\generic.dds:1792076380:1398436:1741280090
file: textures\grass_fx\highlands.dds:964399154:2097360:1741280090
directory: textures\tyres_fx
file: textures\tyres_fx\damage_flatspot.dds:542846744:1310848:1741280090
file: textures\tyres_fx\damage_marbles.dds:4045226182:1310848:1741280090
file: textures\tyres_fx\ontop_dirt.dds:1001808217:2796332:1741280090
file: textures\tyres_fx\ontop_grass.dds:804391728:2796332:1741280090
directory: textures\weather_fx
file: textures\weather_fx\iss.dds:777908519:6613:1741280090
file: textures\weather_fx\moon.dds:917837228:1398228:1741280090
file: textures\weather_fx\starmap.dds:1210759553:22369768:1741280091
directory: textures\particles_fx
file: textures\particles_fx\pieces.dds:4063597793:262416:1741280091
file: textures\particles_fx\skidmarks.dds:3482932425:1398236:1741280091
file: textures\particles_fx\smoke_noise.dds:1572768816:344192:1741280091
directory: textures\rain_fx
file: textures\rain_fx\drops.dds:3650936767:1399253:1741280091
file: textures\rain_fx\hits.dds:1487365270:65732:1741280091
file: textures\rain_fx\puddles.dds:646264477:699192:1741280091
directory: weather
directory: weather\base
directory: weather\base\clouds
file: weather\base\clouds\atlas.dds:2393161432:2796332:1727530958
file: weather\base\clouds\noise3D.dds:839437928:1048704:1727530958
file: weather\base\manifest.ini:1699406004:117:1741280091
directory: weather\base\shaders
file: weather\base\shaders\aurora_apply.fx:1603609394:495:1741280091
file: weather\base\shaders\aurora_base.hlsl:1517609431:2930:1741280091
file: weather\base\shaders\aurora_blur_high.fx:2646267916:963:1727530958
file: weather\base\shaders\aurora_blur.fx:2933780660:909:1727530958
file: weather\base\shaders\aurora_shape_high.fx:3900167096:451:1727530958
file: weather\base\shaders\aurora_shape.fx:2483360404:364:1727530958
file: weather\base\shaders\fog.fx:3164455416:1167:1741280091
file: weather\base\shaders\rainhaze_apply.fx:2404199393:1352:1727530958
file: weather\base\shaders\rainhaze_base.fx:3067954286:836:1741280091
file: weather\base\shaders\test.fx:2745274060:4762:1741280091
directory: weather\base\src
file: weather\base\src\audio.lua:878136643:8595:1741280091
file: weather\base\src\conditions_converter.lua:258143406:8253:1741280091
file: weather\base\src\consts.lua:1230732756:1976:1741280091
file: weather\base\src\light_pollution.lua:4105597716:4584:1741280091
file: weather\base\src\render_aurora.lua:2217056817:9384:1741280091
file: weather\base\src\render_fog.lua:3457885609:2335:1741280091
file: weather\base\src\render_rain.lua:280160105:3299:1741280091
file: weather\base\src\render_test.lua:275772819:2175:1741280091
file: weather\base\src\render.lua:2401097189:3282:1741280091
file: weather\base\src\tests.lua:817245276:3157:1741280091
file: weather\base\src\utils.lua:3697523269:2899:1741280091
file: weather\base\src\weather_application.lua:2803998066:26923:1741280091
file: weather\base\src\weather_clouds_pertrack.lua:2991503042:256:1727530958
file: weather\base\src\weather_clouds_types.lua:1760698593:7299:1741280091
file: weather\base\src\weather_clouds.lua:2577651067:17209:1741280091
file: weather\base\weather.lua:171218229:6699:1741280091
directory: weather-controllers
directory: weather-controllers\base
file: weather-controllers\base\controller.lua:224398654:2622:1741280091
file: weather-controllers\base\manifest.ini:1825041135:137:1741280091
directory: weather-controllers\base-live
file: weather-controllers\base-live\controller.lua:4225366717:6346:1741280091
directory: weather-controllers\base-live\lib
file: weather-controllers\base-live\lib\json.lua:3730588905:9637:1741280091
file: weather-controllers\base-live\manifest.ini:1820218081:124:1741280091
directory: weather-controllers\base-live\src
file: weather-controllers\base-live\src\rain_intensity_estimator.lua:1172285377:2168:1741280091
file: weather-controllers\base-live\src\road_temperature_estimator.lua:2761797412:2677:1741280091
directory: weather-controllers\base-live\src\services
file: weather-controllers\base-live\src\services\example_accessor.lua:3458416079:3150:1741280091
file: weather-controllers\base-live\src\services\open_weather_api.lua:3049208828:9991:1741280091
file: weather-controllers\base-live\src\services\weather_api_com.lua:4062596932:6444:1741280091
file: weather-controllers\base-live\src\services\weatherbit_io.lua:3969641083:5415:1741280091
directory: lua
directory: lua\cars
directory: lua\cars\android_auto
directory: lua\cars\android_auto\apps
directory: lua\cars\android_auto\apps\radio
file: lua\cars\android_auto\apps\radio\stations.txt:1222171612:852:1741280091
file: lua\cars\android_auto\readme.txt:3921442222:2938:1727530958
directory: lua\fireworks
directory: lua\fireworks\holidays
file: lua\fireworks\holidays\extra_fireworks.bank:814319912:575872:1727530958
file: lua\fireworks\holidays\GUIDs.txt:155030399:248:1727530958
directory: lua\tools
directory: lua\tools\csp-traffic-tool
file: lua\tools\csp-traffic-tool\readme.txt:1377811717:2273:1741280091
